TN:
SF:src\agents\core\confidence.js
FN:1,(anonymous_0)
FN:6,(anonymous_1)
FN:8,(anonymous_2)
FN:15,(anonymous_3)
FN:36,decideConfidence
FN:44,labelConfidence
FN:52,scoreIngestion
FN:68,scoreScanner
FN:77,scoreParser
FN:83,scorePolyglotParser
FN:96,scoreRelationshipExtractor
FN:101,scoreContractInference
FN:106,scoreNeo4jSeed
FN:112,scoreGraphBuilder
FN:132,scoreEnrichment
FN:138,scoreEmbedding
FN:142,scorePersistence
FN:146,scoreAnalysis
FN:150,computeOverallConfidence
FNF:19
FNH:17
FNDA:108,(anonymous_0)
FNDA:33,(anonymous_1)
FNDA:20,(anonymous_2)
FNDA:15,(anonymous_3)
FNDA:10,decideConfidence
FNDA:4,labelConfidence
FNDA:1,scoreIngestion
FNDA:1,scoreScanner
FNDA:4,scoreParser
FNDA:0,scorePolyglotParser
FNDA:2,scoreRelationshipExtractor
FNDA:2,scoreContractInference
FNDA:1,scoreNeo4jSeed
FNDA:2,scoreGraphBuilder
FNDA:1,scoreEnrichment
FNDA:1,scoreEmbedding
FNDA:1,scorePersistence
FNDA:0,scoreAnalysis
FNDA:1,computeOverallConfidence
DA:1,9
DA:2,108
DA:3,108
DA:6,33
DA:8,9
DA:9,20
DA:10,20
DA:11,20
DA:12,20
DA:15,15
DA:17,9
DA:23,9
DA:37,10
DA:38,10
DA:39,8
DA:40,6
DA:41,2
DA:45,4
DA:46,4
DA:47,3
DA:48,2
DA:49,1
DA:53,1
DA:54,1
DA:57,1
DA:60,1
DA:62,1
DA:63,1
DA:65,1
DA:69,1
DA:70,1
DA:71,1
DA:72,1
DA:74,1
DA:78,4
DA:79,4
DA:80,4
DA:89,0
DA:90,0
DA:91,0
DA:92,0
DA:93,0
DA:97,2
DA:98,2
DA:102,2
DA:103,1
DA:107,1
DA:108,1
DA:109,1
DA:119,2
DA:123,2
DA:128,2
DA:129,2
DA:133,1
DA:134,1
DA:135,1
DA:139,1
DA:143,1
DA:147,0
DA:151,1
DA:153,1
DA:154,1
DA:156,1
DA:157,3
DA:158,3
DA:159,3
DA:160,3
DA:163,1
DA:164,1
LF:69
LH:63
BRDA:1,0,0,108
BRDA:3,1,0,81
BRDA:3,1,1,27
BRDA:8,2,0,20
BRDA:11,3,0,0
BRDA:11,3,1,20
BRDA:38,4,0,2
BRDA:38,4,1,8
BRDA:39,5,0,2
BRDA:39,5,1,6
BRDA:40,6,0,4
BRDA:40,6,1,2
BRDA:46,7,0,1
BRDA:46,7,1,3
BRDA:47,8,0,1
BRDA:47,8,1,2
BRDA:48,9,0,1
BRDA:48,9,1,1
BRDA:52,10,0,1
BRDA:52,11,0,1
BRDA:52,12,0,1
BRDA:53,13,0,0
BRDA:53,13,1,1
BRDA:54,14,0,1
BRDA:54,14,1,0
BRDA:57,15,0,1
BRDA:57,15,1,0
BRDA:57,15,2,0
BRDA:59,16,0,0
BRDA:59,16,1,0
BRDA:60,17,0,1
BRDA:60,17,1,0
BRDA:68,18,0,1
BRDA:68,19,0,1
BRDA:68,20,0,1
BRDA:68,21,0,1
BRDA:70,22,0,1
BRDA:70,22,1,0
BRDA:71,23,0,1
BRDA:71,23,1,0
BRDA:72,24,0,0
BRDA:72,24,1,1
BRDA:77,25,0,4
BRDA:77,26,0,4
BRDA:77,27,0,4
BRDA:77,28,0,4
BRDA:83,29,0,0
BRDA:84,30,0,0
BRDA:85,31,0,0
BRDA:86,32,0,0
BRDA:87,33,0,0
BRDA:91,34,0,0
BRDA:91,34,1,0
BRDA:96,35,0,2
BRDA:96,36,0,2
BRDA:96,37,0,2
BRDA:101,38,0,2
BRDA:101,39,0,2
BRDA:101,40,0,2
BRDA:102,41,0,1
BRDA:102,41,1,1
BRDA:106,42,0,1
BRDA:106,43,0,1
BRDA:106,44,0,1
BRDA:106,45,0,1
BRDA:112,46,0,2
BRDA:113,47,0,2
BRDA:114,48,0,2
BRDA:115,49,0,2
BRDA:117,50,0,2
BRDA:119,51,0,2
BRDA:119,51,1,0
BRDA:123,52,0,2
BRDA:123,52,1,0
BRDA:125,53,0,0
BRDA:125,53,1,0
BRDA:132,54,0,1
BRDA:132,55,0,1
BRDA:132,56,0,1
BRDA:132,57,0,1
BRDA:132,58,0,1
BRDA:138,59,0,1
BRDA:138,60,0,1
BRDA:138,61,0,1
BRDA:142,62,0,1
BRDA:142,63,0,1
BRDA:142,64,0,1
BRDA:150,65,0,1
BRDA:150,66,0,1
BRDA:151,67,0,0
BRDA:151,67,1,1
BRDA:151,68,0,1
BRDA:151,68,1,1
BRDA:163,69,0,0
BRDA:163,69,1,1
BRF:95
BRH:71
end_of_record
TN:
SF:src\agents\graph\GraphBuilderAgent.js
FN:8,inferFileType
FN:13,(anonymous_1)
FN:15,(anonymous_2)
FN:17,(anonymous_3)
FN:18,(anonymous_4)
FN:20,(anonymous_5)
FN:26,normalizeRelative
FN:30,resolveToAbsolute
FN:50,isLocalSpecifier
FN:57,findStronglyConnectedComponents
FN:65,(anonymous_10)
FN:106,(anonymous_11)
FN:140,(anonymous_12)
FN:216,(anonymous_13)
FN:218,(anonymous_14)
FN:221,(anonymous_15)
FN:238,(anonymous_16)
FN:239,(anonymous_17)
FNF:18
FNH:17
FNDA:2,inferFileType
FNDA:4,(anonymous_1)
FNDA:4,(anonymous_2)
FNDA:4,(anonymous_3)
FNDA:4,(anonymous_4)
FNDA:4,(anonymous_5)
FNDA:1,normalizeRelative
FNDA:1,resolveToAbsolute
FNDA:1,isLocalSpecifier
FNDA:1,findStronglyConnectedComponents
FNDA:2,(anonymous_10)
FNDA:1,(anonymous_11)
FNDA:2,(anonymous_12)
FNDA:2,(anonymous_13)
FNDA:1,(anonymous_14)
FNDA:0,(anonymous_15)
FNDA:2,(anonymous_16)
FNDA:1,(anonymous_17)
DA:6,6
DA:9,2
DA:10,2
DA:11,2
DA:13,4
DA:14,0
DA:15,4
DA:16,0
DA:17,4
DA:18,4
DA:19,0
DA:20,4
DA:21,0
DA:22,2
DA:23,2
DA:27,1
DA:31,1
DA:33,1
DA:35,1
DA:37,1
DA:38,1
DA:39,1
DA:42,0
DA:43,0
DA:44,0
DA:47,0
DA:51,1
DA:58,1
DA:59,1
DA:60,1
DA:61,1
DA:62,1
DA:63,1
DA:65,1
DA:66,2
DA:67,2
DA:68,2
DA:70,2
DA:71,2
DA:73,2
DA:74,1
DA:75,1
DA:76,1
DA:77,0
DA:78,0
DA:82,2
DA:83,2
DA:84,2
DA:85,2
DA:86,2
DA:87,2
DA:88,2
DA:90,2
DA:94,1
DA:95,2
DA:98,1
DA:102,8
DA:103,8
DA:104,8
DA:107,1
DA:108,1
DA:109,1
DA:111,1
DA:112,1
DA:116,1
DA:117,0
DA:135,1
DA:136,1
DA:137,1
DA:138,1
DA:139,1
DA:140,2
DA:142,1
DA:143,1
DA:144,1
DA:145,1
DA:146,1
DA:148,1
DA:149,2
DA:150,2
DA:152,2
DA:153,2
DA:154,1
DA:155,1
DA:156,0
DA:157,0
DA:160,1
DA:161,1
DA:162,1
DA:163,0
DA:164,0
DA:167,1
DA:168,1
DA:169,0
DA:170,0
DA:173,1
DA:174,1
DA:177,2
DA:179,2
DA:191,2
DA:195,2
DA:196,2
DA:198,2
DA:199,1
DA:200,1
DA:202,1
DA:210,1
DA:211,2
DA:212,2
DA:215,1
DA:216,2
DA:217,1
DA:218,1
DA:220,1
DA:221,0
DA:225,1
DA:238,2
DA:239,1
DA:242,1
DA:250,1
LF:120
LH:102
BRDA:11,0,0,2
BRDA:11,0,1,0
BRDA:13,1,0,0
BRDA:13,1,1,2
BRDA:13,2,0,4
BRDA:13,2,1,4
BRDA:15,3,0,0
BRDA:15,3,1,2
BRDA:15,4,0,4
BRDA:15,4,1,4
BRDA:15,4,2,4
BRDA:17,5,0,0
BRDA:17,5,1,2
BRDA:18,6,0,0
BRDA:18,6,1,2
BRDA:18,7,0,4
BRDA:18,7,1,4
BRDA:18,7,2,4
BRDA:20,8,0,0
BRDA:20,8,1,2
BRDA:20,9,0,4
BRDA:20,9,1,4
BRDA:20,9,2,4
BRDA:22,10,0,0
BRDA:22,10,1,2
BRDA:31,11,0,0
BRDA:31,11,1,1
BRDA:31,12,0,1
BRDA:31,12,1,0
BRDA:35,13,0,0
BRDA:35,13,1,1
BRDA:35,14,0,1
BRDA:35,14,1,0
BRDA:39,15,0,1
BRDA:39,15,1,0
BRDA:44,16,0,0
BRDA:44,16,1,0
BRDA:52,17,0,1
BRDA:52,17,1,1
BRDA:52,17,2,0
BRDA:73,18,0,2
BRDA:73,18,1,0
BRDA:74,19,0,1
BRDA:74,19,1,0
BRDA:77,20,0,0
BRDA:77,20,1,0
BRDA:82,21,0,2
BRDA:82,21,1,0
BRDA:88,22,0,2
BRDA:88,22,1,0
BRDA:95,23,0,1
BRDA:95,23,1,1
BRDA:111,24,0,1
BRDA:111,24,1,0
BRDA:112,25,0,1
BRDA:112,25,1,0
BRDA:116,26,0,0
BRDA:116,26,1,1
BRDA:116,27,0,1
BRDA:116,27,1,1
BRDA:153,28,0,2
BRDA:153,28,1,0
BRDA:155,29,0,0
BRDA:155,29,1,1
BRDA:162,30,0,0
BRDA:162,30,1,1
BRDA:168,31,0,0
BRDA:168,31,1,1
BRDA:182,32,0,2
BRDA:182,32,1,0
BRDA:184,33,0,2
BRDA:184,33,1,0
BRDA:188,34,0,2
BRDA:188,34,1,2
BRDA:191,35,0,2
BRDA:191,35,1,0
BRDA:196,36,0,1
BRDA:196,36,1,1
BRDA:199,37,0,1
BRDA:199,37,1,0
BRDA:211,38,0,0
BRDA:211,38,1,2
BRDA:238,39,0,2
BRDA:238,39,1,1
BRF:84
BRH:51
end_of_record
TN:
SF:src\agents\parser\ParserAgent.js
FN:15,normalizeRelative
FN:19,parseConcurrency
FN:25,buildWorkerExecArgv
FN:34,(anonymous_3)
FN:43,(anonymous_4)
FN:66,(anonymous_5)
FN:67,(anonymous_6)
FN:88,(anonymous_7)
FN:88,(anonymous_8)
FN:116,(anonymous_9)
FN:120,(anonymous_10)
FN:126,(anonymous_11)
FN:130,(anonymous_12)
FNF:13
FNH:9
FNDA:0,normalizeRelative
FNDA:1,parseConcurrency
FNDA:2,buildWorkerExecArgv
FNDA:1,(anonymous_3)
FNDA:0,(anonymous_4)
FNDA:2,(anonymous_5)
FNDA:2,(anonymous_6)
FNDA:2,(anonymous_7)
FNDA:0,(anonymous_8)
FNDA:2,(anonymous_9)
FNDA:2,(anonymous_10)
FNDA:2,(anonymous_11)
FNDA:0,(anonymous_12)
DA:8,4
DA:16,0
DA:20,1
DA:21,1
DA:22,1
DA:26,2
DA:30,4
DA:31,4
DA:32,4
DA:35,1
DA:36,1
DA:37,1
DA:39,1
DA:40,1
DA:43,0
DA:49,1
DA:50,0
DA:62,1
DA:63,1
DA:65,1
DA:67,2
DA:71,1
DA:72,1
DA:74,1
DA:75,2
DA:76,0
DA:77,0
DA:79,2
DA:83,1
DA:88,2
DA:91,1
DA:97,1
DA:99,1
DA:117,2
DA:118,2
DA:120,2
DA:121,2
DA:126,2
DA:127,2
DA:130,2
DA:131,0
LF:41
LH:35
BRDA:21,0,0,0
BRDA:21,0,1,1
BRDA:21,1,0,1
BRDA:21,1,1,0
BRDA:39,2,0,1
BRDA:39,2,1,0
BRDA:40,3,0,1
BRDA:40,3,1,0
BRDA:42,4,0,0
BRDA:42,4,1,0
BRDA:45,5,0,0
BRDA:45,5,1,0
BRDA:49,6,0,0
BRDA:49,6,1,1
BRDA:49,7,0,1
BRDA:49,7,1,1
BRDA:75,8,0,0
BRDA:75,8,1,2
BRDA:97,9,0,0
BRDA:97,9,1,1
BRDA:97,10,0,0
BRDA:97,10,1,1
BRDA:118,11,0,2
BRDA:118,11,1,0
BRF:24
BRH:11
end_of_record
