TN:
SF:src\agents\core\confidence.js
FN:1,(anonymous_0)
FN:6,(anonymous_1)
FN:8,(anonymous_2)
FN:15,(anonymous_3)
FN:33,decideConfidence
FN:41,labelConfidence
FN:49,scoreIngestion
FN:65,scoreScanner
FN:74,scoreParser
FN:80,scoreGraphBuilder
FN:100,scoreEnrichment
FN:106,scoreEmbedding
FN:110,scorePersistence
FN:114,scoreAnalysis
FN:118,computeOverallConfidence
FNF:15
FNH:14
FNDA:79,(anonymous_0)
FNDA:29,(anonymous_1)
FNDA:15,(anonymous_2)
FNDA:11,(anonymous_3)
FNDA:10,decideConfidence
FNDA:4,labelConfidence
FNDA:1,scoreIngestion
FNDA:1,scoreScanner
FNDA:4,scoreParser
FNDA:2,scoreGraphBuilder
FNDA:1,scoreEnrichment
FNDA:1,scoreEmbedding
FNDA:1,scorePersistence
FNDA:0,scoreAnalysis
FNDA:1,computeOverallConfidence
DA:1,4
DA:2,79
DA:3,79
DA:6,29
DA:8,4
DA:9,15
DA:10,15
DA:11,15
DA:12,15
DA:15,11
DA:17,4
DA:23,4
DA:34,10
DA:35,10
DA:36,8
DA:37,6
DA:38,2
DA:42,4
DA:43,4
DA:44,3
DA:45,2
DA:46,1
DA:50,1
DA:51,1
DA:54,1
DA:57,1
DA:59,1
DA:60,1
DA:62,1
DA:66,1
DA:67,1
DA:68,1
DA:69,1
DA:71,1
DA:75,4
DA:76,4
DA:77,4
DA:87,2
DA:91,2
DA:96,2
DA:97,2
DA:101,1
DA:102,1
DA:103,1
DA:107,1
DA:111,1
DA:115,0
DA:119,1
DA:121,1
DA:122,1
DA:124,1
DA:125,3
DA:126,3
DA:127,3
DA:128,3
DA:131,1
DA:132,1
LF:57
LH:56
BRDA:1,0,0,79
BRDA:3,1,0,67
BRDA:3,1,1,12
BRDA:8,2,0,15
BRDA:11,3,0,0
BRDA:11,3,1,15
BRDA:35,4,0,2
BRDA:35,4,1,8
BRDA:36,5,0,2
BRDA:36,5,1,6
BRDA:37,6,0,4
BRDA:37,6,1,2
BRDA:43,7,0,1
BRDA:43,7,1,3
BRDA:44,8,0,1
BRDA:44,8,1,2
BRDA:45,9,0,1
BRDA:45,9,1,1
BRDA:49,10,0,1
BRDA:49,11,0,1
BRDA:49,12,0,1
BRDA:50,13,0,0
BRDA:50,13,1,1
BRDA:51,14,0,1
BRDA:51,14,1,0
BRDA:54,15,0,1
BRDA:54,15,1,0
BRDA:54,15,2,0
BRDA:56,16,0,0
BRDA:56,16,1,0
BRDA:57,17,0,1
BRDA:57,17,1,0
BRDA:65,18,0,1
BRDA:65,19,0,1
BRDA:65,20,0,1
BRDA:65,21,0,1
BRDA:67,22,0,1
BRDA:67,22,1,0
BRDA:68,23,0,1
BRDA:68,23,1,0
BRDA:69,24,0,0
BRDA:69,24,1,1
BRDA:74,25,0,4
BRDA:74,26,0,4
BRDA:74,27,0,4
BRDA:74,28,0,4
BRDA:80,29,0,2
BRDA:81,30,0,2
BRDA:82,31,0,2
BRDA:83,32,0,2
BRDA:85,33,0,2
BRDA:87,34,0,2
BRDA:87,34,1,0
BRDA:91,35,0,2
BRDA:91,35,1,0
BRDA:93,36,0,0
BRDA:93,36,1,0
BRDA:100,37,0,1
BRDA:100,38,0,1
BRDA:100,39,0,1
BRDA:100,40,0,1
BRDA:100,41,0,1
BRDA:106,42,0,1
BRDA:106,43,0,1
BRDA:106,44,0,1
BRDA:110,45,0,1
BRDA:110,46,0,1
BRDA:110,47,0,1
BRDA:118,48,0,1
BRDA:118,49,0,1
BRDA:119,50,0,0
BRDA:119,50,1,1
BRDA:119,51,0,1
BRDA:119,51,1,1
BRDA:131,52,0,0
BRDA:131,52,1,1
BRF:76
BRH:59
end_of_record
TN:
SF:src\agents\graph\GraphBuilderAgent.js
FN:8,inferFileType
FN:13,(anonymous_1)
FN:14,(anonymous_2)
FN:15,(anonymous_3)
FN:16,(anonymous_4)
FN:17,(anonymous_5)
FN:22,normalizeRelative
FN:26,resolveToAbsolute
FN:46,isLocalSpecifier
FN:50,findStronglyConnectedComponents
FN:58,(anonymous_10)
FN:99,(anonymous_11)
FN:125,(anonymous_12)
FN:198,(anonymous_13)
FN:209,(anonymous_14)
FN:210,(anonymous_15)
FNF:16
FNH:16
FNDA:2,inferFileType
FNDA:4,(anonymous_1)
FNDA:4,(anonymous_2)
FNDA:4,(anonymous_3)
FNDA:4,(anonymous_4)
FNDA:4,(anonymous_5)
FNDA:1,normalizeRelative
FNDA:1,resolveToAbsolute
FNDA:1,isLocalSpecifier
FNDA:1,findStronglyConnectedComponents
FNDA:2,(anonymous_10)
FNDA:1,(anonymous_11)
FNDA:2,(anonymous_12)
FNDA:2,(anonymous_13)
FNDA:2,(anonymous_14)
FNDA:1,(anonymous_15)
DA:6,2
DA:9,2
DA:10,2
DA:11,2
DA:13,4
DA:14,4
DA:15,4
DA:16,4
DA:17,4
DA:18,2
DA:19,2
DA:23,1
DA:27,1
DA:29,1
DA:31,1
DA:33,1
DA:34,1
DA:35,1
DA:38,0
DA:39,0
DA:40,0
DA:43,0
DA:47,1
DA:51,1
DA:52,1
DA:53,1
DA:54,1
DA:55,1
DA:56,1
DA:58,1
DA:59,2
DA:60,2
DA:61,2
DA:63,2
DA:64,2
DA:66,2
DA:67,1
DA:68,1
DA:69,1
DA:70,0
DA:71,0
DA:75,2
DA:76,2
DA:77,2
DA:78,2
DA:79,2
DA:80,2
DA:81,2
DA:83,2
DA:87,1
DA:88,2
DA:91,1
DA:95,5
DA:96,5
DA:97,5
DA:100,1
DA:101,1
DA:102,1
DA:104,1
DA:105,1
DA:107,1
DA:108,0
DA:120,1
DA:121,1
DA:122,1
DA:123,1
DA:124,1
DA:125,2
DA:127,1
DA:128,1
DA:129,1
DA:130,1
DA:131,1
DA:133,1
DA:134,2
DA:135,2
DA:137,2
DA:138,2
DA:139,1
DA:140,1
DA:141,0
DA:142,0
DA:145,1
DA:146,1
DA:147,1
DA:148,0
DA:149,0
DA:152,1
DA:153,1
DA:154,0
DA:155,0
DA:158,1
DA:159,1
DA:162,2
DA:164,2
DA:175,2
DA:177,2
DA:178,2
DA:180,2
DA:181,1
DA:182,1
DA:184,1
DA:192,1
DA:193,2
DA:194,2
DA:197,1
DA:198,2
DA:200,1
DA:209,2
DA:210,1
DA:213,1
DA:221,1
LF:112
LH:99
BRDA:11,0,0,2
BRDA:11,0,1,0
BRDA:13,1,0,0
BRDA:13,1,1,2
BRDA:13,2,0,4
BRDA:13,2,1,4
BRDA:14,3,0,0
BRDA:14,3,1,2
BRDA:14,4,0,4
BRDA:14,4,1,4
BRDA:14,4,2,4
BRDA:15,5,0,0
BRDA:15,5,1,2
BRDA:16,6,0,0
BRDA:16,6,1,2
BRDA:16,7,0,4
BRDA:16,7,1,4
BRDA:16,7,2,4
BRDA:17,8,0,0
BRDA:17,8,1,2
BRDA:17,9,0,4
BRDA:17,9,1,4
BRDA:17,9,2,4
BRDA:18,10,0,0
BRDA:18,10,1,2
BRDA:27,11,0,0
BRDA:27,11,1,1
BRDA:27,12,0,1
BRDA:27,12,1,0
BRDA:31,13,0,0
BRDA:31,13,1,1
BRDA:31,14,0,1
BRDA:31,14,1,0
BRDA:35,15,0,1
BRDA:35,15,1,0
BRDA:40,16,0,0
BRDA:40,16,1,0
BRDA:47,17,0,1
BRDA:47,17,1,1
BRDA:47,17,2,0
BRDA:66,18,0,2
BRDA:66,18,1,0
BRDA:67,19,0,1
BRDA:67,19,1,0
BRDA:70,20,0,0
BRDA:70,20,1,0
BRDA:75,21,0,2
BRDA:75,21,1,0
BRDA:81,22,0,2
BRDA:81,22,1,0
BRDA:88,23,0,1
BRDA:88,23,1,1
BRDA:104,24,0,1
BRDA:104,24,1,0
BRDA:105,25,0,1
BRDA:105,25,1,0
BRDA:107,26,0,0
BRDA:107,26,1,1
BRDA:107,27,0,1
BRDA:107,27,1,1
BRDA:138,28,0,2
BRDA:138,28,1,0
BRDA:140,29,0,0
BRDA:140,29,1,1
BRDA:147,30,0,0
BRDA:147,30,1,1
BRDA:153,31,0,0
BRDA:153,31,1,1
BRDA:167,32,0,2
BRDA:167,32,1,0
BRDA:169,33,0,2
BRDA:169,33,1,0
BRDA:175,34,0,2
BRDA:175,34,1,0
BRDA:178,35,0,1
BRDA:178,35,1,1
BRDA:181,36,0,1
BRDA:181,36,1,0
BRDA:193,37,0,0
BRDA:193,37,1,2
BRDA:209,38,0,2
BRDA:209,38,1,1
BRF:82
BRH:49
end_of_record
TN:
SF:src\agents\parser\ParserAgent.js
FN:8,normalizeRelative
FN:12,parseConcurrency
FN:18,buildWorkerExecArgv
FN:27,(anonymous_3)
FN:36,(anonymous_4)
FN:59,(anonymous_5)
FN:60,(anonymous_6)
FN:81,(anonymous_7)
FN:81,(anonymous_8)
FN:109,(anonymous_9)
FN:117,(anonymous_10)
FN:123,(anonymous_11)
FN:127,(anonymous_12)
FNF:13
FNH:9
FNDA:0,normalizeRelative
FNDA:1,parseConcurrency
FNDA:2,buildWorkerExecArgv
FNDA:1,(anonymous_3)
FNDA:0,(anonymous_4)
FNDA:2,(anonymous_5)
FNDA:2,(anonymous_6)
FNDA:2,(anonymous_7)
FNDA:0,(anonymous_8)
FNDA:2,(anonymous_9)
FNDA:2,(anonymous_10)
FNDA:2,(anonymous_11)
FNDA:0,(anonymous_12)
DA:9,0
DA:13,1
DA:14,1
DA:15,1
DA:19,2
DA:23,5
DA:24,5
DA:25,5
DA:28,1
DA:29,1
DA:30,1
DA:32,1
DA:33,1
DA:36,0
DA:42,1
DA:43,0
DA:55,1
DA:56,1
DA:58,1
DA:60,2
DA:64,1
DA:65,1
DA:67,1
DA:68,2
DA:69,0
DA:70,0
DA:72,2
DA:76,1
DA:81,2
DA:84,1
DA:90,1
DA:92,1
DA:110,2
DA:111,2
DA:117,2
DA:118,2
DA:123,2
DA:124,2
DA:127,2
DA:128,0
LF:40
LH:34
BRDA:14,0,0,0
BRDA:14,0,1,1
BRDA:14,1,0,1
BRDA:14,1,1,0
BRDA:32,2,0,1
BRDA:32,2,1,0
BRDA:33,3,0,1
BRDA:33,3,1,0
BRDA:35,4,0,0
BRDA:35,4,1,0
BRDA:38,5,0,0
BRDA:38,5,1,0
BRDA:42,6,0,0
BRDA:42,6,1,1
BRDA:42,7,0,1
BRDA:42,7,1,1
BRDA:68,8,0,0
BRDA:68,8,1,2
BRDA:90,9,0,0
BRDA:90,9,1,1
BRDA:90,10,0,0
BRDA:90,10,1,1
BRDA:111,11,0,1
BRDA:111,11,1,1
BRDA:113,12,0,1
BRDA:113,12,1,0
BRF:26
BRH:13
end_of_record
